ERROR: 2023/05/30 14:23:47 logcollect_test.go:61: test should fail as we had an error setting up the test directory: lstat testdata/logDirWithAllLogs: no such file or directory
ERROR: 2023/05/30 15:14:38 logcollect_test.go:64: test should fail as we had an error setting up the test directory: lstat testdata/logDirWithAllLogs: no such file or directory
ERROR: 2023/05/30 15:14:38 logcollect_test.go:83: test should fail as we had an error setting up the test directory: lstat testdata/logDirWithAllLogs: no such file or directory
ERROR: 2023/05/30 15:14:38 logcollect_test.go:83: test should fail as we had an error setting up the test directory: lstat testdata/logDirWithAllLogs: no such file or directory
ERROR: 2023/05/30 15:14:38 logcollect_test.go:83: test should fail as we had an error setting up the test directory: lstat testdata/logDirWithAllLogs: no such file or directory
ERROR: 2023/05/30 15:14:38 logcollect_test.go:113: test should fail as we had an error setting up the test directory: lstat testdata/logDirWithAllLogs: no such file or directory
ERROR: 2023/05/30 15:14:38 logcollect_test.go:113: test should fail as we had an error setting up the test directory: lstat testdata/logDirWithAllLogs: no such file or directory
ERROR: 2023/05/30 15:14:38 logcollect_test.go:113: test should fail as we had an error setting up the test directory: lstat testdata/logDirWithAllLogs: no such file or directory
ERROR: 2023/05/30 15:14:38 logcollect_test.go:143: test should fail as we had an error setting up the test directory: lstat testdata/logDirWithAllLogs: no such file or directory
ERROR: 2023/05/30 15:14:38 logcollect_test.go:143: test should fail as we had an error setting up the test directory: lstat testdata/logDirWithAllLogs: no such file or directory
ERROR: 2023/05/30 15:14:38 logcollect_test.go:143: test should fail as we had an error setting up the test directory: lstat testdata/logDirWithAllLogs: no such file or directory
ERROR: 2023/05/30 15:29:12 logcollect_test.go:72: test should fail as we had an error setting up the test directory: rename testdata/logDir/archive/server.log.2022-04-30 testdata/logDir/archive/server.log.2023-05-29: no such file or directory
ERROR: 2023/05/30 15:29:12 logcollect_test.go:99: test should fail as we had an error setting up the test directory: rename testdata/logDir/archive/server.log.2022-04-30 testdata/logDir/archive/server.log.2023-05-29: no such file or directory
ERROR: 2023/05/30 15:29:12 logcollect_test.go:99: test should fail as we had an error setting up the test directory: rename testdata/logDir/archive/server.log.2022-04-30 testdata/logDir/archive/server.log.2023-05-29: no such file or directory
ERROR: 2023/05/30 15:29:12 logcollect_test.go:99: test should fail as we had an error setting up the test directory: rename testdata/logDir/archive/server.log.2022-04-30 testdata/logDir/archive/server.log.2023-05-29: no such file or directory
ERROR: 2023/05/30 15:29:12 logcollect_test.go:136: test should fail as we had an error setting up the test directory: rename testdata/logDir/archive/server.log.2022-04-30 testdata/logDir/archive/server.log.2023-05-29: no such file or directory
ERROR: 2023/05/30 15:29:12 logcollect_test.go:136: test should fail as we had an error setting up the test directory: rename testdata/logDir/archive/server.log.2022-04-30 testdata/logDir/archive/server.log.2023-05-29: no such file or directory
ERROR: 2023/05/30 15:29:12 logcollect_test.go:136: test should fail as we had an error setting up the test directory: rename testdata/logDir/archive/server.log.2022-04-30 testdata/logDir/archive/server.log.2023-05-29: no such file or directory
ERROR: 2023/05/30 15:29:12 logcollect_test.go:171: test should fail as we had an error removin the server.out: remove testdata/logDir/archive: directory not empty
ERROR: 2023/05/30 15:29:12 logcollect_test.go:171: test should fail as we had an error removin the server.out: remove testdata/logDir/archive: directory not empty
ERROR: 2023/05/30 15:29:12 logcollect_test.go:171: test should fail as we had an error removin the server.out: remove testdata/logDir/archive: directory not empty
ERROR: 2023/05/30 15:30:38 logcollect_test.go:72: test should fail as we had an error setting up the test directory: rename testdata/logDir/archive/server.log.2022-04-30 testdata/logDir/archive/server.log.2023-05-29: no such file or directory
ERROR: 2023/05/30 15:30:38 logcollect_test.go:99: test should fail as we had an error setting up the test directory: rename testdata/logDir/archive/server.log.2022-04-30 testdata/logDir/archive/server.log.2023-05-29: no such file or directory
ERROR: 2023/05/30 15:30:38 logcollect_test.go:99: test should fail as we had an error setting up the test directory: rename testdata/logDir/archive/server.log.2022-04-30 testdata/logDir/archive/server.log.2023-05-29: no such file or directory
ERROR: 2023/05/30 15:30:38 logcollect_test.go:99: test should fail as we had an error setting up the test directory: rename testdata/logDir/archive/server.log.2022-04-30 testdata/logDir/archive/server.log.2023-05-29: no such file or directory
ERROR: 2023/05/30 15:30:38 logcollect_test.go:136: test should fail as we had an error setting up the test directory: rename testdata/logDir/archive/server.log.2022-04-30 testdata/logDir/archive/server.log.2023-05-29: no such file or directory
ERROR: 2023/05/30 15:30:38 logcollect_test.go:136: test should fail as we had an error setting up the test directory: rename testdata/logDir/archive/server.log.2022-04-30 testdata/logDir/archive/server.log.2023-05-29: no such file or directory
ERROR: 2023/05/30 15:30:38 logcollect_test.go:136: test should fail as we had an error setting up the test directory: rename testdata/logDir/archive/server.log.2022-04-30 testdata/logDir/archive/server.log.2023-05-29: no such file or directory
ERROR: 2023/05/30 15:30:38 logcollect.go:174: unable to read archive folder due to error open testdata/logDir/archive: no such file or directory
ERROR: 2023/05/30 15:30:38 logcollect.go:174: unable to read archive folder due to error open testdata/logDir/archive: no such file or directory
ERROR: 2023/05/30 15:30:38 logcollect.go:174: unable to read archive folder due to error open testdata/logDir/archive: no such file or directory
ERROR: 2023/05/30 15:32:59 logcollect_test.go:73: test should fail as we had an error setting up the test directory: rename testdata/logDir/archive/server.log.2022-04-30 testdata/logDir/archive/server.log.2023-05-29: no such file or directory
ERROR: 2023/05/30 15:32:59 logcollect_test.go:100: test should fail as we had an error setting up the test directory: rename testdata/logDir/archive/server.log.2022-04-30 testdata/logDir/archive/server.log.2023-05-29: no such file or directory
ERROR: 2023/05/30 15:32:59 logcollect_test.go:100: test should fail as we had an error setting up the test directory: rename testdata/logDir/archive/server.log.2022-04-30 testdata/logDir/archive/server.log.2023-05-29: no such file or directory
ERROR: 2023/05/30 15:32:59 logcollect_test.go:100: test should fail as we had an error setting up the test directory: rename testdata/logDir/archive/server.log.2022-04-30 testdata/logDir/archive/server.log.2023-05-29: no such file or directory
ERROR: 2023/05/30 15:32:59 logcollect_test.go:137: test should fail as we had an error setting up the test directory: rename testdata/logDir/archive/server.log.2022-04-30 testdata/logDir/archive/server.log.2023-05-29: no such file or directory
ERROR: 2023/05/30 15:32:59 logcollect_test.go:137: test should fail as we had an error setting up the test directory: rename testdata/logDir/archive/server.log.2022-04-30 testdata/logDir/archive/server.log.2023-05-29: no such file or directory
ERROR: 2023/05/30 15:32:59 logcollect_test.go:137: test should fail as we had an error setting up the test directory: rename testdata/logDir/archive/server.log.2022-04-30 testdata/logDir/archive/server.log.2023-05-29: no such file or directory
ERROR: 2023/05/30 15:32:59 logcollect.go:174: unable to read archive folder due to error open testdata/logDir/archive: no such file or directory
ERROR: 2023/05/30 15:32:59 logcollect.go:174: unable to read archive folder due to error open testdata/logDir/archive: no such file or directory
ERROR: 2023/05/30 15:32:59 logcollect.go:174: unable to read archive folder due to error open testdata/logDir/archive: no such file or directory
ERROR: 2023/05/30 15:34:16 logcollect_test.go:73: test should fail as we had an error setting up the test directory: rename testdata/logDir/archive/server.log.2022-04-30 testdata/logDir/archive/server.log.2023-05-29: no such file or directory
ERROR: 2023/05/30 15:34:16 logcollect_test.go:100: test should fail as we had an error setting up the test directory: rename testdata/logDir/archive/server.log.2022-04-30 testdata/logDir/archive/server.log.2023-05-29: no such file or directory
ERROR: 2023/05/30 15:34:16 logcollect_test.go:100: test should fail as we had an error setting up the test directory: rename testdata/logDir/archive/server.log.2022-04-30 testdata/logDir/archive/server.log.2023-05-29: no such file or directory
ERROR: 2023/05/30 15:34:16 logcollect_test.go:100: test should fail as we had an error setting up the test directory: rename testdata/logDir/archive/server.log.2022-04-30 testdata/logDir/archive/server.log.2023-05-29: no such file or directory
ERROR: 2023/05/30 15:34:16 logcollect_test.go:137: test should fail as we had an error setting up the test directory: rename testdata/logDir/archive/server.log.2022-04-30 testdata/logDir/archive/server.log.2023-05-29: no such file or directory
ERROR: 2023/05/30 15:34:16 logcollect_test.go:137: test should fail as we had an error setting up the test directory: rename testdata/logDir/archive/server.log.2022-04-30 testdata/logDir/archive/server.log.2023-05-29: no such file or directory
ERROR: 2023/05/30 15:34:16 logcollect_test.go:137: test should fail as we had an error setting up the test directory: rename testdata/logDir/archive/server.log.2022-04-30 testdata/logDir/archive/server.log.2023-05-29: no such file or directory
ERROR: 2023/05/30 15:34:16 logcollect.go:174: unable to read archive folder due to error open testdata/logDir/archive: no such file or directory
ERROR: 2023/05/30 15:34:16 logcollect.go:174: unable to read archive folder due to error open testdata/logDir/archive: no such file or directory
ERROR: 2023/05/30 15:34:16 logcollect.go:174: unable to read archive folder due to error open testdata/logDir/archive: no such file or directory
ERROR: 2023/05/30 15:38:14 logcollect_test.go:72: test should fail as we had an error setting up the test directory: rename testdata/logDir/archive/server.log.2022-04-30 testdata/logDir/archive/server.log.2023-05-29: no such file or directory
ERROR: 2023/05/30 15:38:14 logcollect_test.go:99: test should fail as we had an error setting up the test directory: rename testdata/logDir/archive/server.log.2022-04-30 testdata/logDir/archive/server.log.2023-05-29: no such file or directory
ERROR: 2023/05/30 15:38:14 logcollect_test.go:99: test should fail as we had an error setting up the test directory: rename testdata/logDir/archive/server.log.2022-04-30 testdata/logDir/archive/server.log.2023-05-29: no such file or directory
ERROR: 2023/05/30 15:38:14 logcollect_test.go:99: test should fail as we had an error setting up the test directory: rename testdata/logDir/archive/server.log.2022-04-30 testdata/logDir/archive/server.log.2023-05-29: no such file or directory
ERROR: 2023/05/30 15:38:14 logcollect_test.go:138: test should fail as we had an error setting up the test directory: rename testdata/logDir/archive/server.log.2022-04-30 testdata/logDir/archive/server.log.2023-05-29: no such file or directory
ERROR: 2023/05/30 15:38:14 logcollect_test.go:138: test should fail as we had an error setting up the test directory: rename testdata/logDir/archive/server.log.2022-04-30 testdata/logDir/archive/server.log.2023-05-29: no such file or directory
ERROR: 2023/05/30 15:38:14 logcollect_test.go:138: test should fail as we had an error setting up the test directory: rename testdata/logDir/archive/server.log.2022-04-30 testdata/logDir/archive/server.log.2023-05-29: no such file or directory
ERROR: 2023/05/30 15:38:14 logcollect.go:174: unable to read archive folder due to error open testdata/logDir/archive: no such file or directory
ERROR: 2023/05/30 15:38:14 logcollect.go:174: unable to read archive folder due to error open testdata/logDir/archive: no such file or directory
ERROR: 2023/05/30 15:38:14 logcollect.go:174: unable to read archive folder due to error open testdata/logDir/archive: no such file or directory
ERROR: 2023/05/30 15:39:01 logcollect_test.go:72: test should fail as we had an error setting up the test directory: rename testdata/logDir/archive/server.log.2022-04-30 testdata/logDir/archive/server.log.2023-05-29: no such file or directory
ERROR: 2023/05/30 15:39:01 logcollect_test.go:99: test should fail as we had an error setting up the test directory: rename testdata/logDir/archive/server.log.2022-04-30 testdata/logDir/archive/server.log.2023-05-29: no such file or directory
ERROR: 2023/05/30 15:39:01 logcollect_test.go:99: test should fail as we had an error setting up the test directory: rename testdata/logDir/archive/server.log.2022-04-30 testdata/logDir/archive/server.log.2023-05-29: no such file or directory
ERROR: 2023/05/30 15:39:01 logcollect_test.go:99: test should fail as we had an error setting up the test directory: rename testdata/logDir/archive/server.log.2022-04-30 testdata/logDir/archive/server.log.2023-05-29: no such file or directory
ERROR: 2023/05/30 15:39:01 logcollect_test.go:138: test should fail as we had an error setting up the test directory: rename testdata/logDir/archive/server.log.2022-04-30 testdata/logDir/archive/server.log.2023-05-29: no such file or directory
ERROR: 2023/05/30 15:39:01 logcollect_test.go:138: test should fail as we had an error setting up the test directory: rename testdata/logDir/archive/server.log.2022-04-30 testdata/logDir/archive/server.log.2023-05-29: no such file or directory
ERROR: 2023/05/30 15:39:01 logcollect_test.go:138: test should fail as we had an error setting up the test directory: rename testdata/logDir/archive/server.log.2022-04-30 testdata/logDir/archive/server.log.2023-05-29: no such file or directory
ERROR: 2023/05/30 15:39:01 logcollect.go:174: unable to read archive folder due to error open testdata/logDir/archive: no such file or directory
ERROR: 2023/05/30 15:39:01 logcollect.go:174: unable to read archive folder due to error open testdata/logDir/archive: no such file or directory
ERROR: 2023/05/30 15:39:01 logcollect.go:174: unable to read archive folder due to error open testdata/logDir/archive: no such file or directory
ERROR: 2023/05/30 15:39:12 logcollect_test.go:72: test should fail as we had an error setting up the test directory: rename testdata/logDir/archive/server.log.2022-04-30 testdata/logDir/archive/server.log.2023-05-29: no such file or directory
ERROR: 2023/05/30 15:39:12 logcollect_test.go:99: test should fail as we had an error setting up the test directory: rename testdata/logDir/archive/server.log.2022-04-30 testdata/logDir/archive/server.log.2023-05-29: no such file or directory
ERROR: 2023/05/30 15:39:12 logcollect_test.go:99: test should fail as we had an error setting up the test directory: rename testdata/logDir/archive/server.log.2022-04-30 testdata/logDir/archive/server.log.2023-05-29: no such file or directory
ERROR: 2023/05/30 15:39:12 logcollect_test.go:99: test should fail as we had an error setting up the test directory: rename testdata/logDir/archive/server.log.2022-04-30 testdata/logDir/archive/server.log.2023-05-29: no such file or directory
ERROR: 2023/05/30 15:39:12 logcollect_test.go:138: test should fail as we had an error setting up the test directory: rename testdata/logDir/archive/server.log.2022-04-30 testdata/logDir/archive/server.log.2023-05-29: no such file or directory
ERROR: 2023/05/30 15:39:12 logcollect_test.go:138: test should fail as we had an error setting up the test directory: rename testdata/logDir/archive/server.log.2022-04-30 testdata/logDir/archive/server.log.2023-05-29: no such file or directory
ERROR: 2023/05/30 15:39:12 logcollect_test.go:138: test should fail as we had an error setting up the test directory: rename testdata/logDir/archive/server.log.2022-04-30 testdata/logDir/archive/server.log.2023-05-29: no such file or directory
ERROR: 2023/05/30 15:39:12 logcollect.go:174: unable to read archive folder due to error open testdata/logDir/archive: no such file or directory
ERROR: 2023/05/30 15:39:12 logcollect.go:174: unable to read archive folder due to error open testdata/logDir/archive: no such file or directory
ERROR: 2023/05/30 15:39:12 logcollect.go:174: unable to read archive folder due to error open testdata/logDir/archive: no such file or directory
ERROR: 2023/05/30 15:39:40 logcollect_test.go:72: test should fail as we had an error setting up the test directory: rename testdata/logDir/archive/server.log.2022-04-30 testdata/logDir/archive/server.log.2023-05-29: no such file or directory
ERROR: 2023/05/30 15:39:40 logcollect_test.go:99: test should fail as we had an error setting up the test directory: rename testdata/logDir/archive/server.log.2022-04-30 testdata/logDir/archive/server.log.2023-05-29: no such file or directory
ERROR: 2023/05/30 15:39:40 logcollect_test.go:99: test should fail as we had an error setting up the test directory: rename testdata/logDir/archive/server.log.2022-04-30 testdata/logDir/archive/server.log.2023-05-29: no such file or directory
ERROR: 2023/05/30 15:39:40 logcollect_test.go:99: test should fail as we had an error setting up the test directory: rename testdata/logDir/archive/server.log.2022-04-30 testdata/logDir/archive/server.log.2023-05-29: no such file or directory
ERROR: 2023/05/30 15:39:40 logcollect_test.go:138: test should fail as we had an error setting up the test directory: rename testdata/logDir/archive/server.log.2022-04-30 testdata/logDir/archive/server.log.2023-05-29: no such file or directory
ERROR: 2023/05/30 15:39:40 logcollect_test.go:138: test should fail as we had an error setting up the test directory: rename testdata/logDir/archive/server.log.2022-04-30 testdata/logDir/archive/server.log.2023-05-29: no such file or directory
ERROR: 2023/05/30 15:39:40 logcollect_test.go:138: test should fail as we had an error setting up the test directory: rename testdata/logDir/archive/server.log.2022-04-30 testdata/logDir/archive/server.log.2023-05-29: no such file or directory
ERROR: 2023/05/30 15:39:40 logcollect.go:174: unable to read archive folder due to error open testdata/logDir/archive: no such file or directory
ERROR: 2023/05/30 15:39:40 logcollect.go:174: unable to read archive folder due to error open testdata/logDir/archive: no such file or directory
ERROR: 2023/05/30 15:39:40 logcollect.go:174: unable to read archive folder due to error open testdata/logDir/archive: no such file or directory
ERROR: 2023/05/30 15:43:39 logcollect_test.go:72: test should fail as we had an error setting up the test directory: rename testdata/logDir/archive/server.log.2022-04-30 testdata/logDir/archive/server.log.2023-05-29: no such file or directory
ERROR: 2023/05/30 15:43:39 logcollect_test.go:99: test should fail as we had an error setting up the test directory: rename testdata/logDir/archive/server.log.2022-04-30 testdata/logDir/archive/server.log.2023-05-29: no such file or directory
ERROR: 2023/05/30 15:43:39 logcollect_test.go:99: test should fail as we had an error setting up the test directory: rename testdata/logDir/archive/server.log.2022-04-30 testdata/logDir/archive/server.log.2023-05-29: no such file or directory
ERROR: 2023/05/30 15:43:39 logcollect_test.go:99: test should fail as we had an error setting up the test directory: rename testdata/logDir/archive/server.log.2022-04-30 testdata/logDir/archive/server.log.2023-05-29: no such file or directory
ERROR: 2023/05/30 15:43:39 logcollect_test.go:138: test should fail as we had an error setting up the test directory: rename testdata/logDir/archive/server.log.2022-04-30 testdata/logDir/archive/server.log.2023-05-29: no such file or directory
ERROR: 2023/05/30 15:43:39 logcollect_test.go:138: test should fail as we had an error setting up the test directory: rename testdata/logDir/archive/server.log.2022-04-30 testdata/logDir/archive/server.log.2023-05-29: no such file or directory
ERROR: 2023/05/30 15:43:39 logcollect_test.go:138: test should fail as we had an error setting up the test directory: rename testdata/logDir/archive/server.log.2022-04-30 testdata/logDir/archive/server.log.2023-05-29: no such file or directory
ERROR: 2023/05/30 15:43:39 logcollect.go:181: unable to read archive folder due to error open testdata/logDir/archive: no such file or directory
ERROR: 2023/05/30 15:43:39 logcollect.go:181: unable to read archive folder due to error open testdata/logDir/archive: no such file or directory
ERROR: 2023/05/30 15:43:39 logcollect.go:181: unable to read archive folder due to error open testdata/logDir/archive: no such file or directory
ERROR: 2023/05/30 15:44:34 logcollect_test.go:72: test should fail as we had an error setting up the test directory: rename testdata/logDir/archive/server.log.2022-04-30 testdata/logDir/archive/server.log.2023-05-29: no such file or directory
ERROR: 2023/05/30 15:44:34 logcollect_test.go:99: test should fail as we had an error setting up the test directory: rename testdata/logDir/archive/server.log.2022-04-30 testdata/logDir/archive/server.log.2023-05-29: no such file or directory
ERROR: 2023/05/30 15:44:34 logcollect_test.go:99: test should fail as we had an error setting up the test directory: rename testdata/logDir/archive/server.log.2022-04-30 testdata/logDir/archive/server.log.2023-05-29: no such file or directory
ERROR: 2023/05/30 15:44:34 logcollect_test.go:99: test should fail as we had an error setting up the test directory: rename testdata/logDir/archive/server.log.2022-04-30 testdata/logDir/archive/server.log.2023-05-29: no such file or directory
ERROR: 2023/05/30 15:44:34 logcollect_test.go:138: test should fail as we had an error setting up the test directory: rename testdata/logDir/archive/server.log.2022-04-30 testdata/logDir/archive/server.log.2023-05-29: no such file or directory
ERROR: 2023/05/30 15:44:34 logcollect_test.go:138: test should fail as we had an error setting up the test directory: rename testdata/logDir/archive/server.log.2022-04-30 testdata/logDir/archive/server.log.2023-05-29: no such file or directory
ERROR: 2023/05/30 15:44:34 logcollect_test.go:138: test should fail as we had an error setting up the test directory: rename testdata/logDir/archive/server.log.2022-04-30 testdata/logDir/archive/server.log.2023-05-29: no such file or directory
ERROR: 2023/05/30 15:44:34 logcollect.go:180: unable to read archive folder due to error open testdata/logDir/archive: no such file or directory
ERROR: 2023/05/30 15:44:34 logcollect.go:180: unable to read archive folder due to error open testdata/logDir/archive: no such file or directory
ERROR: 2023/05/30 15:44:34 logcollect.go:180: unable to read archive folder due to error open testdata/logDir/archive: no such file or directory
ERROR: 2023/05/30 15:45:45 logcollect_test.go:71: test should fail as we had an error setting up the test directory: rename testdata/logDir/archive/server.log.2022-04-30 testdata/logDir/archive/server.log.2023-05-29: no such file or directory
ERROR: 2023/05/30 15:45:45 logcollect_test.go:97: test should fail as we had an error setting up the test directory: rename testdata/logDir/archive/server.log.2022-04-30 testdata/logDir/archive/server.log.2023-05-29: no such file or directory
ERROR: 2023/05/30 15:45:45 logcollect_test.go:97: test should fail as we had an error setting up the test directory: rename testdata/logDir/archive/server.log.2022-04-30 testdata/logDir/archive/server.log.2023-05-29: no such file or directory
ERROR: 2023/05/30 15:45:45 logcollect_test.go:128: test should fail as we had an error setting up the test directory: rename testdata/logDir/archive/server.log.2022-04-30 testdata/logDir/archive/server.log.2023-05-29: no such file or directory
ERROR: 2023/05/30 15:45:45 logcollect_test.go:128: test should fail as we had an error setting up the test directory: rename testdata/logDir/archive/server.log.2022-04-30 testdata/logDir/archive/server.log.2023-05-29: no such file or directory
ERROR: 2023/05/30 15:45:45 logcollect.go:180: unable to read archive folder due to error open testdata/logDir/archive: no such file or directory
ERROR: 2023/05/30 15:45:45 logcollect.go:180: unable to read archive folder due to error open testdata/logDir/archive: no such file or directory
ERROR: 2023/05/30 15:50:18 logcollect_test.go:66: test should fail as we had an error setting up the test directory: symlink testdata/logDirWithAllLogs testdata/logDir: file already exists
ERROR: 2023/05/30 15:50:18 logcollect_test.go:91: test should fail as we had an error setting up the test directory: symlink testdata/logDirWithAllLogs testdata/logDir: file already exists
ERROR: 2023/05/30 15:50:18 logcollect_test.go:91: test should fail as we had an error setting up the test directory: symlink testdata/logDirWithAllLogs testdata/logDir: file already exists
ERROR: 2023/05/30 15:50:18 logcollect_test.go:122: test should fail as we had an error setting up the test directory: symlink testdata/logDirWithAllLogs testdata/logDir: file already exists
ERROR: 2023/05/30 15:50:18 logcollect_test.go:122: test should fail as we had an error setting up the test directory: symlink testdata/logDirWithAllLogs testdata/logDir: file already exists
ERROR: 2023/05/30 15:51:20 logcollect_test.go:57: test should fail as we had an error setting up the test directory: symlink testdata/logDirWithAllLogs testdata/logDir: file already exists
ERROR: 2023/05/30 15:51:20 logcollect_test.go:90: test should fail as we had an error setting up the test directory: symlink testdata/logDirWithAllLogs testdata/logDir: file already exists
ERROR: 2023/05/30 15:51:20 logcollect_test.go:90: test should fail as we had an error setting up the test directory: symlink testdata/logDirWithAllLogs testdata/logDir: file already exists
ERROR: 2023/05/30 15:51:20 logcollect_test.go:129: test should fail as we had an error setting up the test directory: symlink testdata/logDirWithAllLogs testdata/logDir: file already exists
ERROR: 2023/05/30 15:51:20 logcollect_test.go:129: test should fail as we had an error setting up the test directory: symlink testdata/logDirWithAllLogs testdata/logDir: file already exists
ERROR: 2023/05/30 15:51:24 logcollect_test.go:57: test should fail as we had an error setting up the test directory: symlink testdata/logDirWithAllLogs testdata/logDir: file already exists
ERROR: 2023/05/30 15:51:24 logcollect_test.go:90: test should fail as we had an error setting up the test directory: symlink testdata/logDirWithAllLogs testdata/logDir: file already exists
ERROR: 2023/05/30 15:51:24 logcollect_test.go:90: test should fail as we had an error setting up the test directory: symlink testdata/logDirWithAllLogs testdata/logDir: file already exists
ERROR: 2023/05/30 15:51:24 logcollect_test.go:129: test should fail as we had an error setting up the test directory: symlink testdata/logDirWithAllLogs testdata/logDir: file already exists
ERROR: 2023/05/30 15:51:24 logcollect_test.go:129: test should fail as we had an error setting up the test directory: symlink testdata/logDirWithAllLogs testdata/logDir: file already exists
ERROR: 2023/05/30 15:53:24 logcollect_test.go:62: test should fail as we had an error setting up the test directory: rename testdata/logDir/archive/server.log.2022-04-30 testdata/logDir/archive/server.log.2023-05-29: no such file or directory
ERROR: 2023/05/30 15:53:24 logcollect_test.go:96: test should fail as we had an error setting up the test directory: rename testdata/logDir/archive/server.log.2022-04-30 testdata/logDir/archive/server.log.2023-05-29: no such file or directory
ERROR: 2023/05/30 15:53:24 logcollect_test.go:96: test should fail as we had an error setting up the test directory: rename testdata/logDir/archive/server.log.2022-04-30 testdata/logDir/archive/server.log.2023-05-29: no such file or directory
ERROR: 2023/05/30 15:53:24 logcollect_test.go:135: test should fail as we had an error setting up the test directory: rename testdata/logDir/archive/server.log.2022-04-30 testdata/logDir/archive/server.log.2023-05-29: no such file or directory
ERROR: 2023/05/30 15:53:24 logcollect_test.go:135: test should fail as we had an error setting up the test directory: rename testdata/logDir/archive/server.log.2022-04-30 testdata/logDir/archive/server.log.2023-05-29: no such file or directory
ERROR: 2023/05/30 15:53:24 logcollect.go:180: unable to read archive folder due to error open testdata/logDir/archive: no such file or directory
ERROR: 2023/05/30 15:53:24 logcollect.go:180: unable to read archive folder due to error open testdata/logDir/archive: no such file or directory
ERROR: 2023/05/30 15:55:58 logcollect_test.go:70: test should fail as we had an error setting up the test directory: rename testdata/logDir/archive/server.log.2022-04-30 testdata/logDir/archive/server.log.2023-05-29: no such file or directory
ERROR: 2023/05/30 15:55:58 logcollect_test.go:96: test should fail as we had an error setting up the test directory: rename testdata/logDir/archive/server.log.2022-04-30 testdata/logDir/archive/server.log.2023-05-29: no such file or directory
ERROR: 2023/05/30 15:55:58 logcollect_test.go:96: test should fail as we had an error setting up the test directory: rename testdata/logDir/archive/server.log.2022-04-30 testdata/logDir/archive/server.log.2023-05-29: no such file or directory
ERROR: 2023/05/30 15:55:58 logcollect_test.go:127: test should fail as we had an error setting up the test directory: rename testdata/logDir/archive/server.log.2022-04-30 testdata/logDir/archive/server.log.2023-05-29: no such file or directory
ERROR: 2023/05/30 15:55:58 logcollect_test.go:127: test should fail as we had an error setting up the test directory: rename testdata/logDir/archive/server.log.2022-04-30 testdata/logDir/archive/server.log.2023-05-29: no such file or directory
ERROR: 2023/05/30 15:55:58 logcollect.go:180: unable to read archive folder due to error open testdata/logDir/archive: no such file or directory
ERROR: 2023/05/30 15:55:58 logcollect.go:180: unable to read archive folder due to error open testdata/logDir/archive: no such file or directory
ERROR: 2023/05/30 15:56:57 logcollect_test.go:75: test should fail as we had an error setting up the test directory: rename testdata/logDir/archive/server.log.2022-04-30 testdata/logDir/archive/server.log.2023-05-29: no such file or directory
ERROR: 2023/05/30 15:56:57 logcollect_test.go:97: test should fail as we had an error setting up the test directory: rename testdata/logDir/archive/server.log.2022-04-30 testdata/logDir/archive/server.log.2023-05-29: no such file or directory
ERROR: 2023/05/30 15:56:57 logcollect_test.go:97: test should fail as we had an error setting up the test directory: rename testdata/logDir/archive/server.log.2022-04-30 testdata/logDir/archive/server.log.2023-05-29: no such file or directory
ERROR: 2023/05/30 15:56:57 logcollect_test.go:124: test should fail as we had an error setting up the test directory: rename testdata/logDir/archive/server.log.2022-04-30 testdata/logDir/archive/server.log.2023-05-29: no such file or directory
ERROR: 2023/05/30 15:56:57 logcollect_test.go:124: test should fail as we had an error setting up the test directory: rename testdata/logDir/archive/server.log.2022-04-30 testdata/logDir/archive/server.log.2023-05-29: no such file or directory
ERROR: 2023/05/30 15:56:57 logcollect.go:180: unable to read archive folder due to error open testdata/logDir/archive: no such file or directory
ERROR: 2023/05/30 15:56:57 logcollect.go:180: unable to read archive folder due to error open testdata/logDir/archive: no such file or directory
ERROR: 2023/05/30 15:58:59 logcollect_test.go:58: test should fail as we had an error setting up the test directory: rename testdata/logDir/archive/server.log.2022-04-30 testdata/logDir/archive/server.log.2023-05-29: no such file or directory
ERROR: 2023/05/30 15:58:59 logcollect_test.go:58: test should fail as we had an error setting up the test directory: rename testdata/logDir/archive/server.log.2022-04-30 testdata/logDir/archive/server.log.2023-05-29: no such file or directory
ERROR: 2023/05/30 15:58:59 logcollect_test.go:58: test should fail as we had an error setting up the test directory: rename testdata/logDir/archive/server.log.2022-04-30 testdata/logDir/archive/server.log.2023-05-29: no such file or directory
ERROR: 2023/05/30 15:58:59 logcollect_test.go:58: test should fail as we had an error setting up the test directory: rename testdata/logDir/archive/server.log.2022-04-30 testdata/logDir/archive/server.log.2023-05-29: no such file or directory
ERROR: 2023/05/30 15:59:00 logcollect_test.go:58: test should fail as we had an error setting up the test directory: rename testdata/logDir/archive/server.log.2022-04-30 testdata/logDir/archive/server.log.2023-05-29: no such file or directory
ERROR: 2023/05/30 15:59:00 logcollect_test.go:58: test should fail as we had an error setting up the test directory: rename testdata/logDir/archive/server.log.2022-04-30 testdata/logDir/archive/server.log.2023-05-29: no such file or directory
ERROR: 2023/05/30 15:59:00 logcollect_test.go:58: test should fail as we had an error setting up the test directory: rename testdata/logDir/archive/server.log.2022-04-30 testdata/logDir/archive/server.log.2023-05-29: no such file or directory
ERROR: 2023/05/30 16:00:41 logcollect_test.go:61: test should fail as we had an error setting up the test directory: rename testdata/logDir/archive/server.log.2022-04-30 testdata/logDir/archive/server.log.2023-05-29: no such file or directory
ERROR: 2023/05/30 16:00:41 logcollect_test.go:61: test should fail as we had an error setting up the test directory: rename testdata/logDir/archive/server.log.2022-04-30 testdata/logDir/archive/server.log.2023-05-29: no such file or directory
ERROR: 2023/05/30 16:00:41 logcollect_test.go:61: test should fail as we had an error setting up the test directory: rename testdata/logDir/archive/server.log.2022-04-30 testdata/logDir/archive/server.log.2023-05-29: no such file or directory
ERROR: 2023/05/30 16:00:41 logcollect_test.go:61: test should fail as we had an error setting up the test directory: rename testdata/logDir/archive/server.log.2022-04-30 testdata/logDir/archive/server.log.2023-05-29: no such file or directory
ERROR: 2023/05/30 16:00:41 logcollect_test.go:61: test should fail as we had an error setting up the test directory: rename testdata/logDir/archive/server.log.2022-04-30 testdata/logDir/archive/server.log.2023-05-29: no such file or directory
ERROR: 2023/05/30 16:00:41 logcollect_test.go:61: test should fail as we had an error setting up the test directory: rename testdata/logDir/archive/server.log.2022-04-30 testdata/logDir/archive/server.log.2023-05-29: no such file or directory
ERROR: 2023/05/30 16:00:41 logcollect_test.go:61: test should fail as we had an error setting up the test directory: rename testdata/logDir/archive/server.log.2022-04-30 testdata/logDir/archive/server.log.2023-05-29: no such file or directory
ERROR: 2023/05/30 16:02:16 logcollect_test.go:61: test should fail as we had an error setting up the test directory: rename testdata/logDir/archive/server.log.2022-04-30 testdata/logDir/archive/server.log.2023-05-29: no such file or directory
ERROR: 2023/05/30 16:02:16 logcollect_test.go:61: test should fail as we had an error setting up the test directory: rename testdata/logDir/archive/server.log.2022-04-30 testdata/logDir/archive/server.log.2023-05-29: no such file or directory
ERROR: 2023/05/30 16:02:16 logcollect_test.go:61: test should fail as we had an error setting up the test directory: rename testdata/logDir/archive/server.log.2022-04-30 testdata/logDir/archive/server.log.2023-05-29: no such file or directory
ERROR: 2023/05/30 16:02:16 logcollect_test.go:61: test should fail as we had an error setting up the test directory: rename testdata/logDir/archive/server.log.2022-04-30 testdata/logDir/archive/server.log.2023-05-29: no such file or directory
ERROR: 2023/05/30 16:02:16 logcollect_test.go:61: test should fail as we had an error setting up the test directory: rename testdata/logDir/archive/server.log.2022-04-30 testdata/logDir/archive/server.log.2023-05-29: no such file or directory
ERROR: 2023/05/30 16:02:16 logcollect_test.go:61: test should fail as we had an error setting up the test directory: rename testdata/logDir/archive/server.log.2022-04-30 testdata/logDir/archive/server.log.2023-05-29: no such file or directory
ERROR: 2023/05/30 16:02:16 logcollect_test.go:61: test should fail as we had an error setting up the test directory: rename testdata/logDir/archive/server.log.2022-04-30 testdata/logDir/archive/server.log.2023-05-29: no such file or directory
ERROR: 2023/05/30 16:02:40 logcollect_test.go:61: test should fail as we had an error setting up the test directory: rename testdata/logDir/archive/server.log.2022-04-30 testdata/logDir/archive/server.log.2023-05-29: no such file or directory
ERROR: 2023/05/30 16:02:40 logcollect_test.go:61: test should fail as we had an error setting up the test directory: rename testdata/logDir/archive/server.log.2022-04-30 testdata/logDir/archive/server.log.2023-05-29: no such file or directory
ERROR: 2023/05/30 16:02:40 logcollect_test.go:61: test should fail as we had an error setting up the test directory: rename testdata/logDir/archive/server.log.2022-04-30 testdata/logDir/archive/server.log.2023-05-29: no such file or directory
ERROR: 2023/05/30 16:02:40 logcollect_test.go:61: test should fail as we had an error setting up the test directory: rename testdata/logDir/archive/server.log.2022-04-30 testdata/logDir/archive/server.log.2023-05-29: no such file or directory
ERROR: 2023/05/30 16:02:40 logcollect_test.go:61: test should fail as we had an error setting up the test directory: rename testdata/logDir/archive/server.log.2022-04-30 testdata/logDir/archive/server.log.2023-05-29: no such file or directory
ERROR: 2023/05/30 16:02:40 logcollect_test.go:61: test should fail as we had an error setting up the test directory: rename testdata/logDir/archive/server.log.2022-04-30 testdata/logDir/archive/server.log.2023-05-29: no such file or directory
ERROR: 2023/05/30 16:02:40 logcollect_test.go:61: test should fail as we had an error setting up the test directory: rename testdata/logDir/archive/server.log.2022-04-30 testdata/logDir/archive/server.log.2023-05-29: no such file or directory
ERROR: 2023/05/30 16:03:36 logcollect_test.go:61: test should fail as we had an error setting up the test directory: rename testdata/logDir/archive/server.log.2022-04-30 testdata/logDir/archive/server.log.2023-05-29: no such file or directory
ERROR: 2023/05/30 16:03:36 logcollect_test.go:61: test should fail as we had an error setting up the test directory: rename testdata/logDir/archive/server.log.2022-04-30 testdata/logDir/archive/server.log.2023-05-29: no such file or directory
ERROR: 2023/05/30 16:03:36 logcollect_test.go:61: test should fail as we had an error setting up the test directory: rename testdata/logDir/archive/server.log.2022-04-30 testdata/logDir/archive/server.log.2023-05-29: no such file or directory
ERROR: 2023/05/30 16:03:36 logcollect_test.go:61: test should fail as we had an error setting up the test directory: rename testdata/logDir/archive/server.log.2022-04-30 testdata/logDir/archive/server.log.2023-05-29: no such file or directory
ERROR: 2023/05/30 16:03:36 logcollect_test.go:61: test should fail as we had an error setting up the test directory: rename testdata/logDir/archive/server.log.2022-04-30 testdata/logDir/archive/server.log.2023-05-29: no such file or directory
ERROR: 2023/05/30 16:03:36 logcollect_test.go:61: test should fail as we had an error setting up the test directory: rename testdata/logDir/archive/server.log.2022-04-30 testdata/logDir/archive/server.log.2023-05-29: no such file or directory
ERROR: 2023/05/30 16:03:36 logcollect_test.go:61: test should fail as we had an error setting up the test directory: rename testdata/logDir/archive/server.log.2022-04-30 testdata/logDir/archive/server.log.2023-05-29: no such file or directory
ERROR: 2023/05/30 16:04:49 logcollect_test.go:59: test should fail as we had an error setting up the test directory: rename testdata/logDir/archive/server.log.2022-04-30 testdata/logDir/archive/server.log.2023-05-29: no such file or directory
ERROR: 2023/05/30 16:04:49 logcollect_test.go:59: test should fail as we had an error setting up the test directory: rename testdata/logDir/archive/server.log.2022-04-30 testdata/logDir/archive/server.log.2023-05-29: no such file or directory
ERROR: 2023/05/30 16:04:49 logcollect_test.go:59: test should fail as we had an error setting up the test directory: rename testdata/logDir/archive/server.log.2022-04-30 testdata/logDir/archive/server.log.2023-05-29: no such file or directory
ERROR: 2023/05/30 16:04:49 logcollect_test.go:59: test should fail as we had an error setting up the test directory: rename testdata/logDir/archive/server.log.2022-04-30 testdata/logDir/archive/server.log.2023-05-29: no such file or directory
ERROR: 2023/05/30 16:04:49 logcollect_test.go:59: test should fail as we had an error setting up the test directory: rename testdata/logDir/archive/server.log.2022-04-30 testdata/logDir/archive/server.log.2023-05-29: no such file or directory
ERROR: 2023/05/30 16:04:49 logcollect_test.go:59: test should fail as we had an error setting up the test directory: rename testdata/logDir/archive/server.log.2022-04-30 testdata/logDir/archive/server.log.2023-05-29: no such file or directory
ERROR: 2023/05/30 16:04:49 logcollect_test.go:59: test should fail as we had an error setting up the test directory: rename testdata/logDir/archive/server.log.2022-04-30 testdata/logDir/archive/server.log.2023-05-29: no such file or directory
ERROR: 2023/05/30 16:04:55 logcollect_test.go:59: test should fail as we had an error setting up the test directory: rename testdata/logDir/archive/server.log.2022-04-30 testdata/logDir/archive/server.log.2023-05-29: no such file or directory
ERROR: 2023/05/30 16:04:55 logcollect_test.go:59: test should fail as we had an error setting up the test directory: rename testdata/logDir/archive/server.log.2022-04-30 testdata/logDir/archive/server.log.2023-05-29: no such file or directory
ERROR: 2023/05/30 16:04:55 logcollect_test.go:59: test should fail as we had an error setting up the test directory: rename testdata/logDir/archive/server.log.2022-04-30 testdata/logDir/archive/server.log.2023-05-29: no such file or directory
ERROR: 2023/05/30 16:04:55 logcollect_test.go:59: test should fail as we had an error setting up the test directory: rename testdata/logDir/archive/server.log.2022-04-30 testdata/logDir/archive/server.log.2023-05-29: no such file or directory
ERROR: 2023/05/30 16:04:55 logcollect_test.go:59: test should fail as we had an error setting up the test directory: rename testdata/logDir/archive/server.log.2022-04-30 testdata/logDir/archive/server.log.2023-05-29: no such file or directory
ERROR: 2023/05/30 16:04:55 logcollect_test.go:59: test should fail as we had an error setting up the test directory: rename testdata/logDir/archive/server.log.2022-04-30 testdata/logDir/archive/server.log.2023-05-29: no such file or directory
ERROR: 2023/05/30 16:04:55 logcollect_test.go:59: test should fail as we had an error setting up the test directory: rename testdata/logDir/archive/server.log.2022-04-30 testdata/logDir/archive/server.log.2023-05-29: no such file or directory
ERROR: 2023/05/30 16:05:49 logcollect_test.go:62: test should fail as we had an error setting up the test directory: rename testdata/logDir/archive/server.log.2022-04-30 testdata/logDir/archive/server.log.2023-05-29: no such file or directory
ERROR: 2023/05/30 16:05:49 logcollect_test.go:62: test should fail as we had an error setting up the test directory: rename testdata/logDir/archive/server.log.2022-04-30 testdata/logDir/archive/server.log.2023-05-29: no such file or directory
ERROR: 2023/05/30 16:05:49 logcollect_test.go:62: test should fail as we had an error setting up the test directory: rename testdata/logDir/archive/server.log.2022-04-30 testdata/logDir/archive/server.log.2023-05-29: no such file or directory
ERROR: 2023/05/30 16:05:49 logcollect_test.go:62: test should fail as we had an error setting up the test directory: rename testdata/logDir/archive/server.log.2022-04-30 testdata/logDir/archive/server.log.2023-05-29: no such file or directory
ERROR: 2023/05/30 16:05:49 logcollect_test.go:62: test should fail as we had an error setting up the test directory: rename testdata/logDir/archive/server.log.2022-04-30 testdata/logDir/archive/server.log.2023-05-29: no such file or directory
ERROR: 2023/05/30 16:05:49 logcollect_test.go:62: test should fail as we had an error setting up the test directory: rename testdata/logDir/archive/server.log.2022-04-30 testdata/logDir/archive/server.log.2023-05-29: no such file or directory
ERROR: 2023/05/30 16:05:49 logcollect_test.go:62: test should fail as we had an error setting up the test directory: rename testdata/logDir/archive/server.log.2022-04-30 testdata/logDir/archive/server.log.2023-05-29: no such file or directory
ERROR: 2023/05/30 16:06:38 logcollect_test.go:62: test should fail as we had an error setting up the test directory: rename testdata/logDir/archive/server.log.2022-04-30 server.log.2023-05-29: no such file or directory
ERROR: 2023/05/30 16:06:38 logcollect_test.go:62: test should fail as we had an error setting up the test directory: rename testdata/logDir/archive/server.log.2022-04-30 server.log.2023-05-29: no such file or directory
ERROR: 2023/05/30 16:06:38 logcollect_test.go:62: test should fail as we had an error setting up the test directory: rename testdata/logDir/archive/server.log.2022-04-30 server.log.2023-05-29: no such file or directory
ERROR: 2023/05/30 16:06:38 logcollect_test.go:62: test should fail as we had an error setting up the test directory: rename testdata/logDir/archive/server.log.2022-04-30 server.log.2023-05-29: no such file or directory
ERROR: 2023/05/30 16:06:38 logcollect_test.go:62: test should fail as we had an error setting up the test directory: rename testdata/logDir/archive/server.log.2022-04-30 server.log.2023-05-29: no such file or directory
ERROR: 2023/05/30 16:06:38 logcollect_test.go:62: test should fail as we had an error setting up the test directory: rename testdata/logDir/archive/server.log.2022-04-30 server.log.2023-05-29: no such file or directory
ERROR: 2023/05/30 16:06:38 logcollect_test.go:62: test should fail as we had an error setting up the test directory: rename testdata/logDir/archive/server.log.2022-04-30 server.log.2023-05-29: no such file or directory
ERROR: 2023/05/30 16:06:52 logcollect_test.go:62: test should fail as we had an error setting up the test directory: rename testdata/logDir/archive/server.log.2022-04-30 server.log.2023-05-29: no such file or directory
ERROR: 2023/05/30 16:06:52 logcollect_test.go:62: test should fail as we had an error setting up the test directory: rename testdata/logDir/archive/server.log.2022-04-30 server.log.2023-05-29: no such file or directory
ERROR: 2023/05/30 16:06:52 logcollect_test.go:62: test should fail as we had an error setting up the test directory: rename testdata/logDir/archive/server.log.2022-04-30 server.log.2023-05-29: no such file or directory
ERROR: 2023/05/30 16:06:52 logcollect_test.go:62: test should fail as we had an error setting up the test directory: rename testdata/logDir/archive/server.log.2022-04-30 server.log.2023-05-29: no such file or directory
ERROR: 2023/05/30 16:06:52 logcollect_test.go:62: test should fail as we had an error setting up the test directory: rename testdata/logDir/archive/server.log.2022-04-30 server.log.2023-05-29: no such file or directory
ERROR: 2023/05/30 16:06:52 logcollect_test.go:62: test should fail as we had an error setting up the test directory: rename testdata/logDir/archive/server.log.2022-04-30 server.log.2023-05-29: no such file or directory
ERROR: 2023/05/30 16:06:52 logcollect_test.go:62: test should fail as we had an error setting up the test directory: rename testdata/logDir/archive/server.log.2022-04-30 server.log.2023-05-29: no such file or directory
ERROR: 2023/05/30 16:07:29 logcollect.go:180: unable to read archive folder due to error open testdata/logDir/archive: no such file or directory
ERROR: 2023/05/30 16:07:29 logcollect.go:180: unable to read archive folder due to error open testdata/logDir/archive: no such file or directory
ERROR: 2023/05/30 16:08:33 logcollect.go:180: unable to read archive folder due to error open testdata/logDir/archive: no such file or directory
ERROR: 2023/05/30 16:08:33 logcollect.go:180: unable to read archive folder due to error open testdata/logDir/archive: no such file or directory
ERROR: 2023/05/30 16:09:03 logcollect.go:180: unable to read archive folder due to error open testdata/logDir/archive: no such file or directory
ERROR: 2023/05/30 16:09:03 logcollect.go:180: unable to read archive folder due to error open testdata/logDir/archive: no such file or directory
ERROR: 2023/05/30 16:36:28 output.go:90: Failed to read directory: /Users/ryan.svihla/Documents/GitHub/dremio-diagnostic-collector/cmd/local/logcollect/testdata/var/folders/sr/pvp47tsj7ss_b7ldr9gvb7x80000gp/T/95275952 with error open /Users/ryan.svihla/Documents/GitHub/dremio-diagnostic-collector/cmd/local/logcollect/testdata/var/folders/sr/pvp47tsj7ss_b7ldr9gvb7x80000gp/T/95275952: no such file or directory
ERROR: 2023/05/30 16:37:06 output.go:90: Failed to read directory: /Users/ryan.svihla/Documents/GitHub/dremio-diagnostic-collector/cmd/local/logcollect/testdata/var/folders/sr/pvp47tsj7ss_b7ldr9gvb7x80000gp/T/3810623016 with error open /Users/ryan.svihla/Documents/GitHub/dremio-diagnostic-collector/cmd/local/logcollect/testdata/var/folders/sr/pvp47tsj7ss_b7ldr9gvb7x80000gp/T/3810623016: no such file or directory
ERROR: 2023/05/30 16:37:48 output.go:90: Failed to read directory: /Users/ryan.svihla/Documents/GitHub/dremio-diagnostic-collector/cmd/local/logcollect/testdata/var/folders/sr/pvp47tsj7ss_b7ldr9gvb7x80000gp/T/1235971526 with error open /Users/ryan.svihla/Documents/GitHub/dremio-diagnostic-collector/cmd/local/logcollect/testdata/var/folders/sr/pvp47tsj7ss_b7ldr9gvb7x80000gp/T/1235971526: no such file or directory
ERROR: 2023/05/30 16:37:48 output.go:90: Failed to read directory: /Users/ryan.svihla/Documents/GitHub/dremio-diagnostic-collector/cmd/local/logcollect/testdata/var/folders/sr/pvp47tsj7ss_b7ldr9gvb7x80000gp/T/1235971526 with error open /Users/ryan.svihla/Documents/GitHub/dremio-diagnostic-collector/cmd/local/logcollect/testdata/var/folders/sr/pvp47tsj7ss_b7ldr9gvb7x80000gp/T/1235971526: no such file or directory
ERROR: 2023/05/30 16:38:39 output.go:90: Failed to read directory: /Users/ryan.svihla/Documents/GitHub/dremio-diagnostic-collector/cmd/local/logcollect/testdata/var/folders/sr/pvp47tsj7ss_b7ldr9gvb7x80000gp/T/1777529922 with error open /Users/ryan.svihla/Documents/GitHub/dremio-diagnostic-collector/cmd/local/logcollect/testdata/var/folders/sr/pvp47tsj7ss_b7ldr9gvb7x80000gp/T/1777529922: no such file or directory
ERROR: 2023/05/30 16:38:39 output.go:90: Failed to read directory: /Users/ryan.svihla/Documents/GitHub/dremio-diagnostic-collector/cmd/local/logcollect/testdata/var/folders/sr/pvp47tsj7ss_b7ldr9gvb7x80000gp/T/1777529922 with error open /Users/ryan.svihla/Documents/GitHub/dremio-diagnostic-collector/cmd/local/logcollect/testdata/var/folders/sr/pvp47tsj7ss_b7ldr9gvb7x80000gp/T/1777529922: no such file or directory
ERROR: 2023/05/30 16:38:46 output.go:90: Failed to read directory: /Users/ryan.svihla/Documents/GitHub/dremio-diagnostic-collector/cmd/local/logcollect/testdata/var/folders/sr/pvp47tsj7ss_b7ldr9gvb7x80000gp/T/2445734195 with error open /Users/ryan.svihla/Documents/GitHub/dremio-diagnostic-collector/cmd/local/logcollect/testdata/var/folders/sr/pvp47tsj7ss_b7ldr9gvb7x80000gp/T/2445734195: no such file or directory
ERROR: 2023/05/30 16:38:46 output.go:90: Failed to read directory: /Users/ryan.svihla/Documents/GitHub/dremio-diagnostic-collector/cmd/local/logcollect/testdata/var/folders/sr/pvp47tsj7ss_b7ldr9gvb7x80000gp/T/346539120 with error open /Users/ryan.svihla/Documents/GitHub/dremio-diagnostic-collector/cmd/local/logcollect/testdata/var/folders/sr/pvp47tsj7ss_b7ldr9gvb7x80000gp/T/346539120: no such file or directory
ERROR: 2023/05/30 16:38:46 output.go:90: Failed to read directory: /Users/ryan.svihla/Documents/GitHub/dremio-diagnostic-collector/cmd/local/logcollect/testdata/var/folders/sr/pvp47tsj7ss_b7ldr9gvb7x80000gp/T/346539120 with error open /Users/ryan.svihla/Documents/GitHub/dremio-diagnostic-collector/cmd/local/logcollect/testdata/var/folders/sr/pvp47tsj7ss_b7ldr9gvb7x80000gp/T/346539120: no such file or directory
ERROR: 2023/05/30 17:34:35 logcollect_test.go:162: test should fail as we had an error removing the server.log: remove /var/folders/sr/pvp47tsj7ss_b7ldr9gvb7x80000gp/T/SOURCE2473996545/server.log: no such file or directory
ERROR: 2023/05/30 17:34:35 logcollect_test.go:162: test should fail as we had an error removing the server.log: remove /var/folders/sr/pvp47tsj7ss_b7ldr9gvb7x80000gp/T/SOURCE3398722095/server.log: no such file or directory
ERROR: 2023/05/30 17:38:18 logcollect_test.go:168: test should fail as we had an error removing the server.log: remove /var/folders/sr/pvp47tsj7ss_b7ldr9gvb7x80000gp/T/SOURCE3664844924/server.log: no such file or directory
ERROR: 2023/05/30 17:38:18 logcollect_test.go:168: test should fail as we had an error removing the server.log: remove /var/folders/sr/pvp47tsj7ss_b7ldr9gvb7x80000gp/T/SOURCE3334122937/server.log: no such file or directory
ERROR: 2023/05/30 17:40:05 logcollect_test.go:165: test should fail as we had an error removing the server.log: remove /var/folders/sr/pvp47tsj7ss_b7ldr9gvb7x80000gp/T/SOURCE579881562/server.log: no such file or directory
ERROR: 2023/05/30 17:40:05 logcollect_test.go:165: test should fail as we had an error removing the server.log: remove /var/folders/sr/pvp47tsj7ss_b7ldr9gvb7x80000gp/T/SOURCE3038723474/server.log: no such file or directory
ERROR: 2023/05/30 17:41:30 logcollect_test.go:171: test should fail as we had an error removing the server.log: remove /var/folders/sr/pvp47tsj7ss_b7ldr9gvb7x80000gp/T/SOURCE3899233281/server.log: no such file or directory
ERROR: 2023/05/30 17:41:30 logcollect_test.go:171: test should fail as we had an error removing the server.log: remove /var/folders/sr/pvp47tsj7ss_b7ldr9gvb7x80000gp/T/SOURCE4117939551/server.log: no such file or directory
ERROR: 2023/05/30 17:41:41 logcollect_test.go:171: test should fail as we had an error removing the server.log: remove /var/folders/sr/pvp47tsj7ss_b7ldr9gvb7x80000gp/T/SOURCE197321078/server.log: no such file or directory
ERROR: 2023/05/30 17:41:41 logcollect_test.go:171: test should fail as we had an error removing the server.log: remove /var/folders/sr/pvp47tsj7ss_b7ldr9gvb7x80000gp/T/SOURCE2588314523/server.log: no such file or directory
ERROR: 2023/05/30 17:42:19 logcollect_test.go:171: test should fail as we had an error removing the server.log: remove /var/folders/sr/pvp47tsj7ss_b7ldr9gvb7x80000gp/T/SOURCE131204324/server.log: no such file or directory
ERROR: 2023/05/30 17:42:19 logcollect_test.go:171: test should fail as we had an error removing the server.log: remove /var/folders/sr/pvp47tsj7ss_b7ldr9gvb7x80000gp/T/SOURCE3523663231/server.log: no such file or directory
ERROR: 2023/05/30 17:42:31 logcollect_test.go:172: test should fail as we had an error removing the server.log: remove /var/folders/sr/pvp47tsj7ss_b7ldr9gvb7x80000gp/T/SOURCE258941720/server.log: no such file or directory
ERROR: 2023/05/30 17:42:31 logcollect_test.go:172: test should fail as we had an error removing the server.log: remove /var/folders/sr/pvp47tsj7ss_b7ldr9gvb7x80000gp/T/SOURCE3390694523/server.log: no such file or directory
ERROR: 2023/05/30 18:03:17 logcollect_test.go:100: test should fail as we had an error setting up the test directory: rename /var/folders/sr/pvp47tsj7ss_b7ldr9gvb7x80000gp/T/SOURCE504096124/archive/server.log.2022-04-30 /var/folders/sr/pvp47tsj7ss_b7ldr9gvb7x80000gp/T/SOURCE504096124/archive/server.log.2023-05-29: no such file or directory
ERROR: 2023/05/30 18:03:17 logcollect_test.go:128: test should fail as we had an error setting up the test directory: rename /var/folders/sr/pvp47tsj7ss_b7ldr9gvb7x80000gp/T/SOURCE63000916/archive/server.log.2022-04-30 /var/folders/sr/pvp47tsj7ss_b7ldr9gvb7x80000gp/T/SOURCE63000916/archive/server.log.2023-05-29: no such file or directory
ERROR: 2023/05/30 18:03:17 logcollect_test.go:128: test should fail as we had an error setting up the test directory: rename /var/folders/sr/pvp47tsj7ss_b7ldr9gvb7x80000gp/T/SOURCE1562470948/archive/server.log.2022-04-30 /var/folders/sr/pvp47tsj7ss_b7ldr9gvb7x80000gp/T/SOURCE1562470948/archive/server.log.2023-05-29: no such file or directory
ERROR: 2023/05/30 18:03:18 logcollect_test.go:199: test should fail as we had an error setting up the test directory: rename /var/folders/sr/pvp47tsj7ss_b7ldr9gvb7x80000gp/T/SOURCE1338302340/archive/server.log.2022-04-30 /var/folders/sr/pvp47tsj7ss_b7ldr9gvb7x80000gp/T/SOURCE1338302340/archive/server.log.2023-05-29: no such file or directory
ERROR: 2023/05/30 18:03:18 logcollect_test.go:199: test should fail as we had an error setting up the test directory: rename /var/folders/sr/pvp47tsj7ss_b7ldr9gvb7x80000gp/T/SOURCE1047511807/archive/server.log.2022-04-30 /var/folders/sr/pvp47tsj7ss_b7ldr9gvb7x80000gp/T/SOURCE1047511807/archive/server.log.2023-05-29: no such file or directory
ERROR: 2023/05/30 18:04:04 logcollect_test.go:100: test should fail as we had an error setting up the test directory: rename /var/folders/sr/pvp47tsj7ss_b7ldr9gvb7x80000gp/T/SOURCE3916020488/archive/server.log.2022-04-30 /var/folders/sr/pvp47tsj7ss_b7ldr9gvb7x80000gp/T/SOURCE3916020488/archive/server.log.2023-05-29: no such file or directory
ERROR: 2023/05/30 18:04:04 logcollect_test.go:199: test should fail as we had an error setting up the test directory: rename /var/folders/sr/pvp47tsj7ss_b7ldr9gvb7x80000gp/T/SOURCE1223599924/archive/server.log.2022-04-30 /var/folders/sr/pvp47tsj7ss_b7ldr9gvb7x80000gp/T/SOURCE1223599924/archive/server.log.2023-05-29: no such file or directory
ERROR: 2023/05/30 18:04:04 logcollect_test.go:199: test should fail as we had an error setting up the test directory: rename /var/folders/sr/pvp47tsj7ss_b7ldr9gvb7x80000gp/T/SOURCE450507752/archive/server.log.2022-04-30 /var/folders/sr/pvp47tsj7ss_b7ldr9gvb7x80000gp/T/SOURCE450507752/archive/server.log.2023-05-29: no such file or directory
ERROR: 2023/05/30 20:13:47 logcollect_test.go:273: test should fail as we had an error setting up the test directory: rename /var/folders/sr/pvp47tsj7ss_b7ldr9gvb7x80000gp/T/SOURCE3293464881/archive/reflection.log.2022-04-30.gz /var/folders/sr/pvp47tsj7ss_b7ldr9gvb7x80000gp/T/SOURCE3293464881/archive/reflection.log.2023-05-29.gz: no such file or directory
ERROR: 2023/05/30 20:13:47 logcollect_test.go:273: test should fail as we had an error setting up the test directory: rename /var/folders/sr/pvp47tsj7ss_b7ldr9gvb7x80000gp/T/SOURCE3189825099/archive/reflection.log.2022-04-30.gz /var/folders/sr/pvp47tsj7ss_b7ldr9gvb7x80000gp/T/SOURCE3189825099/archive/reflection.log.2023-05-29.gz: no such file or directory
ERROR: 2023/05/30 20:13:47 logcollect_test.go:381: test should fail as we had an error setting up the test directory: rename /var/folders/sr/pvp47tsj7ss_b7ldr9gvb7x80000gp/T/SOURCE1444719549/archive/acceleration.log.2022-04-30.gz /var/folders/sr/pvp47tsj7ss_b7ldr9gvb7x80000gp/T/SOURCE1444719549/archive/acceleration.log.2023-05-29.gz: no such file or directory
ERROR: 2023/05/30 20:13:47 logcollect_test.go:381: test should fail as we had an error setting up the test directory: rename /var/folders/sr/pvp47tsj7ss_b7ldr9gvb7x80000gp/T/SOURCE3783037071/archive/acceleration.log.2022-04-30.gz /var/folders/sr/pvp47tsj7ss_b7ldr9gvb7x80000gp/T/SOURCE3783037071/archive/acceleration.log.2023-05-29.gz: no such file or directory
ERROR: 2023/05/30 20:14:41 logcollect_test.go:273: test should fail as we had an error setting up the test directory: rename /var/folders/sr/pvp47tsj7ss_b7ldr9gvb7x80000gp/T/SOURCE179772339/archive/reflection.log.2022-04-30.gz /var/folders/sr/pvp47tsj7ss_b7ldr9gvb7x80000gp/T/SOURCE179772339/archive/reflection.log.2023-05-29.gz: no such file or directory
ERROR: 2023/05/30 20:14:42 logcollect_test.go:273: test should fail as we had an error setting up the test directory: rename /var/folders/sr/pvp47tsj7ss_b7ldr9gvb7x80000gp/T/SOURCE1534379434/archive/reflection.log.2022-04-30.gz /var/folders/sr/pvp47tsj7ss_b7ldr9gvb7x80000gp/T/SOURCE1534379434/archive/reflection.log.2023-05-29.gz: no such file or directory
ERROR: 2023/05/30 20:14:42 logcollect_test.go:381: test should fail as we had an error setting up the test directory: rename /var/folders/sr/pvp47tsj7ss_b7ldr9gvb7x80000gp/T/SOURCE3629734049/archive/acceleration.log.2022-04-30.gz /var/folders/sr/pvp47tsj7ss_b7ldr9gvb7x80000gp/T/SOURCE3629734049/archive/acceleration.log.2023-05-29.gz: no such file or directory
ERROR: 2023/05/30 20:14:42 logcollect_test.go:381: test should fail as we had an error setting up the test directory: rename /var/folders/sr/pvp47tsj7ss_b7ldr9gvb7x80000gp/T/SOURCE556190646/archive/acceleration.log.2022-04-30.gz /var/folders/sr/pvp47tsj7ss_b7ldr9gvb7x80000gp/T/SOURCE556190646/archive/acceleration.log.2023-05-29.gz: no such file or directory
ERROR: 2023/05/30 20:16:24 logcollect_test.go:273: test should fail as we had an error setting up the test directory: rename /var/folders/sr/pvp47tsj7ss_b7ldr9gvb7x80000gp/T/SOURCE3415030688/archive/reflection.log.2022-04-30.gz /var/folders/sr/pvp47tsj7ss_b7ldr9gvb7x80000gp/T/SOURCE3415030688/archive/reflection.log.2023-05-29.gz: no such file or directory
ERROR: 2023/05/30 20:16:24 logcollect_test.go:273: test should fail as we had an error setting up the test directory: rename /var/folders/sr/pvp47tsj7ss_b7ldr9gvb7x80000gp/T/SOURCE3723936934/archive/reflection.log.2022-04-30.gz /var/folders/sr/pvp47tsj7ss_b7ldr9gvb7x80000gp/T/SOURCE3723936934/archive/reflection.log.2023-05-29.gz: no such file or directory
ERROR: 2023/05/30 20:16:24 logcollect_test.go:381: test should fail as we had an error setting up the test directory: rename /var/folders/sr/pvp47tsj7ss_b7ldr9gvb7x80000gp/T/SOURCE3237181557/archive/acceleration.log.2022-04-30.gz /var/folders/sr/pvp47tsj7ss_b7ldr9gvb7x80000gp/T/SOURCE3237181557/archive/acceleration.log.2023-05-29.gz: no such file or directory
ERROR: 2023/05/30 20:16:24 logcollect_test.go:381: test should fail as we had an error setting up the test directory: rename /var/folders/sr/pvp47tsj7ss_b7ldr9gvb7x80000gp/T/SOURCE1583448497/archive/acceleration.log.2022-04-30.gz /var/folders/sr/pvp47tsj7ss_b7ldr9gvb7x80000gp/T/SOURCE1583448497/archive/acceleration.log.2023-05-29.gz: no such file or directory
ERROR: 2023/05/30 20:17:49 logcollect_test.go:273: test should fail as we had an error setting up the test directory: rename /var/folders/sr/pvp47tsj7ss_b7ldr9gvb7x80000gp/T/SOURCE642527317/archive/reflection.log.2022-04-30.gz /var/folders/sr/pvp47tsj7ss_b7ldr9gvb7x80000gp/T/SOURCE642527317/archive/reflection.log.2023-05-29.gz: no such file or directory
ERROR: 2023/05/30 20:17:49 logcollect_test.go:273: test should fail as we had an error setting up the test directory: rename /var/folders/sr/pvp47tsj7ss_b7ldr9gvb7x80000gp/T/SOURCE2033656265/archive/reflection.log.2022-04-30.gz /var/folders/sr/pvp47tsj7ss_b7ldr9gvb7x80000gp/T/SOURCE2033656265/archive/reflection.log.2023-05-29.gz: no such file or directory
ERROR: 2023/05/30 20:17:50 logcollect_test.go:381: test should fail as we had an error setting up the test directory: rename /var/folders/sr/pvp47tsj7ss_b7ldr9gvb7x80000gp/T/SOURCE3308396170/archive/acceleration.log.2022-04-30.gz /var/folders/sr/pvp47tsj7ss_b7ldr9gvb7x80000gp/T/SOURCE3308396170/archive/acceleration.log.2023-05-29.gz: no such file or directory
ERROR: 2023/05/30 20:17:50 logcollect_test.go:381: test should fail as we had an error setting up the test directory: rename /var/folders/sr/pvp47tsj7ss_b7ldr9gvb7x80000gp/T/SOURCE110083624/archive/acceleration.log.2022-04-30.gz /var/folders/sr/pvp47tsj7ss_b7ldr9gvb7x80000gp/T/SOURCE110083624/archive/acceleration.log.2023-05-29.gz: no such file or directory
ERROR: 2023/05/30 20:19:50 logcollect_test.go:272: test should fail as we had an error setting up the test directory: rename /var/folders/sr/pvp47tsj7ss_b7ldr9gvb7x80000gp/T/SOURCE3293296698/archive/reflection.log.2022-04-30.gz /var/folders/sr/pvp47tsj7ss_b7ldr9gvb7x80000gp/T/SOURCE3293296698/archive/reflection.log.2023-05-29.gz: no such file or directory
ERROR: 2023/05/30 20:19:50 logcollect_test.go:272: test should fail as we had an error setting up the test directory: rename /var/folders/sr/pvp47tsj7ss_b7ldr9gvb7x80000gp/T/SOURCE2909173125/archive/reflection.log.2022-04-30.gz /var/folders/sr/pvp47tsj7ss_b7ldr9gvb7x80000gp/T/SOURCE2909173125/archive/reflection.log.2023-05-29.gz: no such file or directory
ERROR: 2023/05/30 20:19:50 logcollect_test.go:378: test should fail as we had an error setting up the test directory: rename /var/folders/sr/pvp47tsj7ss_b7ldr9gvb7x80000gp/T/SOURCE3573673734/archive/acceleration.log.2022-04-30.gz /var/folders/sr/pvp47tsj7ss_b7ldr9gvb7x80000gp/T/SOURCE3573673734/archive/acceleration.log.2023-05-29.gz: no such file or directory
ERROR: 2023/05/30 20:19:50 logcollect_test.go:378: test should fail as we had an error setting up the test directory: rename /var/folders/sr/pvp47tsj7ss_b7ldr9gvb7x80000gp/T/SOURCE556008144/archive/acceleration.log.2022-04-30.gz /var/folders/sr/pvp47tsj7ss_b7ldr9gvb7x80000gp/T/SOURCE556008144/archive/acceleration.log.2023-05-29.gz: no such file or directory
ERROR: 2023/05/30 20:20:41 logcollect_test.go:272: test should fail as we had an error setting up the test directory: rename /var/folders/sr/pvp47tsj7ss_b7ldr9gvb7x80000gp/T/SOURCE1171447523/archive/reflection.log.2022-04-30.gz /var/folders/sr/pvp47tsj7ss_b7ldr9gvb7x80000gp/T/SOURCE1171447523/archive/reflection.log.2023-05-29.gz: no such file or directory
ERROR: 2023/05/30 20:20:41 logcollect_test.go:272: test should fail as we had an error setting up the test directory: rename /var/folders/sr/pvp47tsj7ss_b7ldr9gvb7x80000gp/T/SOURCE3215566044/archive/reflection.log.2022-04-30.gz /var/folders/sr/pvp47tsj7ss_b7ldr9gvb7x80000gp/T/SOURCE3215566044/archive/reflection.log.2023-05-29.gz: no such file or directory
ERROR: 2023/05/30 20:20:41 logcollect_test.go:378: test should fail as we had an error setting up the test directory: rename /var/folders/sr/pvp47tsj7ss_b7ldr9gvb7x80000gp/T/SOURCE766442331/archive/acceleration.log.2022-04-30.gz /var/folders/sr/pvp47tsj7ss_b7ldr9gvb7x80000gp/T/SOURCE766442331/archive/acceleration.log.2023-05-29.gz: no such file or directory
ERROR: 2023/05/30 20:20:41 logcollect_test.go:378: test should fail as we had an error setting up the test directory: rename /var/folders/sr/pvp47tsj7ss_b7ldr9gvb7x80000gp/T/SOURCE2442869127/archive/acceleration.log.2022-04-30.gz /var/folders/sr/pvp47tsj7ss_b7ldr9gvb7x80000gp/T/SOURCE2442869127/archive/acceleration.log.2023-05-29.gz: no such file or directory
ERROR: 2023/05/30 20:22:52 logcollect_test.go:273: test should fail as we had an error setting up the test directory: rename /var/folders/sr/pvp47tsj7ss_b7ldr9gvb7x80000gp/T/SOURCE257265016/archive/reflection.log.2022-04-30.gz /var/folders/sr/pvp47tsj7ss_b7ldr9gvb7x80000gp/T/SOURCE257265016/archive/reflection.log.2023-05-29.gz: no such file or directory
ERROR: 2023/05/30 20:22:52 logcollect_test.go:273: test should fail as we had an error setting up the test directory: rename /var/folders/sr/pvp47tsj7ss_b7ldr9gvb7x80000gp/T/SOURCE1750289091/archive/reflection.log.2022-04-30.gz /var/folders/sr/pvp47tsj7ss_b7ldr9gvb7x80000gp/T/SOURCE1750289091/archive/reflection.log.2023-05-29.gz: no such file or directory
ERROR: 2023/05/30 20:22:52 logcollect_test.go:379: test should fail as we had an error setting up the test directory: rename /var/folders/sr/pvp47tsj7ss_b7ldr9gvb7x80000gp/T/SOURCE1626436288/archive/acceleration.log.2022-04-30.gz /var/folders/sr/pvp47tsj7ss_b7ldr9gvb7x80000gp/T/SOURCE1626436288/archive/acceleration.log.2023-05-29.gz: no such file or directory
ERROR: 2023/05/30 20:22:52 logcollect_test.go:379: test should fail as we had an error setting up the test directory: rename /var/folders/sr/pvp47tsj7ss_b7ldr9gvb7x80000gp/T/SOURCE3071970084/archive/acceleration.log.2022-04-30.gz /var/folders/sr/pvp47tsj7ss_b7ldr9gvb7x80000gp/T/SOURCE3071970084/archive/acceleration.log.2023-05-29.gz: no such file or directory
ERROR: 2023/05/30 20:23:39 logcollect_test.go:273: test should fail as we had an error setting up the test directory: rename /var/folders/sr/pvp47tsj7ss_b7ldr9gvb7x80000gp/T/SOURCE771033633/archive/reflection.log.2022-04-30.gz /var/folders/sr/pvp47tsj7ss_b7ldr9gvb7x80000gp/T/SOURCE771033633/archive/reflection.log.2023-05-29.gz: no such file or directory
ERROR: 2023/05/30 20:23:39 logcollect_test.go:273: test should fail as we had an error setting up the test directory: rename /var/folders/sr/pvp47tsj7ss_b7ldr9gvb7x80000gp/T/SOURCE2169797027/archive/reflection.log.2022-04-30.gz /var/folders/sr/pvp47tsj7ss_b7ldr9gvb7x80000gp/T/SOURCE2169797027/archive/reflection.log.2023-05-29.gz: no such file or directory
ERROR: 2023/05/30 20:23:39 logcollect_test.go:379: test should fail as we had an error setting up the test directory: rename /var/folders/sr/pvp47tsj7ss_b7ldr9gvb7x80000gp/T/SOURCE2914930316/archive/acceleration.log.2022-04-30.gz /var/folders/sr/pvp47tsj7ss_b7ldr9gvb7x80000gp/T/SOURCE2914930316/archive/acceleration.log.2023-05-29.gz: no such file or directory
ERROR: 2023/05/30 20:23:39 logcollect_test.go:379: test should fail as we had an error setting up the test directory: rename /var/folders/sr/pvp47tsj7ss_b7ldr9gvb7x80000gp/T/SOURCE954810420/archive/acceleration.log.2022-04-30.gz /var/folders/sr/pvp47tsj7ss_b7ldr9gvb7x80000gp/T/SOURCE954810420/archive/acceleration.log.2023-05-29.gz: no such file or directory
ERROR: 2023/05/30 20:24:18 logcollect_test.go:273: test should fail as we had an error setting up the test directory: rename /var/folders/sr/pvp47tsj7ss_b7ldr9gvb7x80000gp/T/SOURCE3724940591/archive/reflection.log.2022-04-30.gz /var/folders/sr/pvp47tsj7ss_b7ldr9gvb7x80000gp/T/SOURCE3724940591/archive/reflection.log.2023-05-29.gz: no such file or directory
ERROR: 2023/05/30 20:24:18 logcollect_test.go:273: test should fail as we had an error setting up the test directory: rename /var/folders/sr/pvp47tsj7ss_b7ldr9gvb7x80000gp/T/SOURCE2734420868/archive/reflection.log.2022-04-30.gz /var/folders/sr/pvp47tsj7ss_b7ldr9gvb7x80000gp/T/SOURCE2734420868/archive/reflection.log.2023-05-29.gz: no such file or directory
ERROR: 2023/05/30 20:24:18 logcollect_test.go:379: test should fail as we had an error setting up the test directory: rename /var/folders/sr/pvp47tsj7ss_b7ldr9gvb7x80000gp/T/SOURCE221115628/archive/acceleration.log.2022-04-30.gz /var/folders/sr/pvp47tsj7ss_b7ldr9gvb7x80000gp/T/SOURCE221115628/archive/acceleration.log.2023-05-29.gz: no such file or directory
ERROR: 2023/05/30 20:24:18 logcollect_test.go:379: test should fail as we had an error setting up the test directory: rename /var/folders/sr/pvp47tsj7ss_b7ldr9gvb7x80000gp/T/SOURCE2448855071/archive/acceleration.log.2022-04-30.gz /var/folders/sr/pvp47tsj7ss_b7ldr9gvb7x80000gp/T/SOURCE2448855071/archive/acceleration.log.2023-05-29.gz: no such file or directory
ERROR: 2023/05/30 20:26:33 logcollect_test.go:273: test should fail as we had an error setting up the test directory: rename /var/folders/sr/pvp47tsj7ss_b7ldr9gvb7x80000gp/T/SOURCE4143759216/archive/reflection.log.2022-04-30.gz /var/folders/sr/pvp47tsj7ss_b7ldr9gvb7x80000gp/T/SOURCE4143759216/archive/reflection.log.2023-05-29.gz: no such file or directory
ERROR: 2023/05/30 20:26:33 logcollect_test.go:273: test should fail as we had an error setting up the test directory: rename /var/folders/sr/pvp47tsj7ss_b7ldr9gvb7x80000gp/T/SOURCE3577088336/archive/reflection.log.2022-04-30.gz /var/folders/sr/pvp47tsj7ss_b7ldr9gvb7x80000gp/T/SOURCE3577088336/archive/reflection.log.2023-05-29.gz: no such file or directory
ERROR: 2023/05/30 20:26:33 logcollect_test.go:379: test should fail as we had an error setting up the test directory: rename /var/folders/sr/pvp47tsj7ss_b7ldr9gvb7x80000gp/T/SOURCE1805852319/archive/acceleration.log.2022-04-30.gz /var/folders/sr/pvp47tsj7ss_b7ldr9gvb7x80000gp/T/SOURCE1805852319/archive/acceleration.log.2023-05-29.gz: no such file or directory
ERROR: 2023/05/30 20:26:33 logcollect_test.go:379: test should fail as we had an error setting up the test directory: rename /var/folders/sr/pvp47tsj7ss_b7ldr9gvb7x80000gp/T/SOURCE1822917766/archive/acceleration.log.2022-04-30.gz /var/folders/sr/pvp47tsj7ss_b7ldr9gvb7x80000gp/T/SOURCE1822917766/archive/acceleration.log.2023-05-29.gz: no such file or directory
ERROR: 2023/05/30 20:27:47 logcollect_test.go:273: test should fail as we had an error setting up the test directory: rename /var/folders/sr/pvp47tsj7ss_b7ldr9gvb7x80000gp/T/SOURCE622960700/archive/reflection.log.2022-04-30.gz /var/folders/sr/pvp47tsj7ss_b7ldr9gvb7x80000gp/T/SOURCE622960700/archive/reflection.log.2023-05-29.gz: no such file or directory
ERROR: 2023/05/30 20:27:47 logcollect_test.go:273: test should fail as we had an error setting up the test directory: rename /var/folders/sr/pvp47tsj7ss_b7ldr9gvb7x80000gp/T/SOURCE246234780/archive/reflection.log.2022-04-30.gz /var/folders/sr/pvp47tsj7ss_b7ldr9gvb7x80000gp/T/SOURCE246234780/archive/reflection.log.2023-05-29.gz: no such file or directory
ERROR: 2023/05/30 20:27:47 logcollect_test.go:379: test should fail as we had an error setting up the test directory: rename /var/folders/sr/pvp47tsj7ss_b7ldr9gvb7x80000gp/T/SOURCE2147857631/archive/acceleration.log.2022-04-30.gz /var/folders/sr/pvp47tsj7ss_b7ldr9gvb7x80000gp/T/SOURCE2147857631/archive/acceleration.log.2023-05-29.gz: no such file or directory
ERROR: 2023/05/30 20:27:47 logcollect_test.go:379: test should fail as we had an error setting up the test directory: rename /var/folders/sr/pvp47tsj7ss_b7ldr9gvb7x80000gp/T/SOURCE4106691082/archive/acceleration.log.2022-04-30.gz /var/folders/sr/pvp47tsj7ss_b7ldr9gvb7x80000gp/T/SOURCE4106691082/archive/acceleration.log.2023-05-29.gz: no such file or directory
ERROR: 2023/05/30 20:28:20 logcollect_test.go:273: test should fail as we had an error setting up the test directory: rename /var/folders/sr/pvp47tsj7ss_b7ldr9gvb7x80000gp/T/SOURCE2174237357/archive/reflection.log.2022-04-30.gz /var/folders/sr/pvp47tsj7ss_b7ldr9gvb7x80000gp/T/SOURCE2174237357/archive/reflection.log.2023-05-29.gz: no such file or directory
ERROR: 2023/05/30 20:28:20 logcollect_test.go:273: test should fail as we had an error setting up the test directory: rename /var/folders/sr/pvp47tsj7ss_b7ldr9gvb7x80000gp/T/SOURCE1882201978/archive/reflection.log.2022-04-30.gz /var/folders/sr/pvp47tsj7ss_b7ldr9gvb7x80000gp/T/SOURCE1882201978/archive/reflection.log.2023-05-29.gz: no such file or directory
ERROR: 2023/05/30 20:28:20 logcollect_test.go:379: test should fail as we had an error setting up the test directory: rename /var/folders/sr/pvp47tsj7ss_b7ldr9gvb7x80000gp/T/SOURCE3242639384/archive/acceleration.log.2022-04-30.gz /var/folders/sr/pvp47tsj7ss_b7ldr9gvb7x80000gp/T/SOURCE3242639384/archive/acceleration.log.2023-05-29.gz: no such file or directory
ERROR: 2023/05/30 20:28:20 logcollect_test.go:379: test should fail as we had an error setting up the test directory: rename /var/folders/sr/pvp47tsj7ss_b7ldr9gvb7x80000gp/T/SOURCE1829115627/archive/acceleration.log.2022-04-30.gz /var/folders/sr/pvp47tsj7ss_b7ldr9gvb7x80000gp/T/SOURCE1829115627/archive/acceleration.log.2023-05-29.gz: no such file or directory
ERROR: 2023/05/30 20:28:35 logcollect_test.go:273: test should fail as we had an error setting up the test directory: rename /var/folders/sr/pvp47tsj7ss_b7ldr9gvb7x80000gp/T/SOURCE3107258392/archive/reflection.log.2022-04-30.gz /var/folders/sr/pvp47tsj7ss_b7ldr9gvb7x80000gp/T/SOURCE3107258392/archive/reflection.log.2023-05-29.gz: no such file or directory
ERROR: 2023/05/30 20:28:35 logcollect_test.go:273: test should fail as we had an error setting up the test directory: rename /var/folders/sr/pvp47tsj7ss_b7ldr9gvb7x80000gp/T/SOURCE989703337/archive/reflection.log.2022-04-30.gz /var/folders/sr/pvp47tsj7ss_b7ldr9gvb7x80000gp/T/SOURCE989703337/archive/reflection.log.2023-05-29.gz: no such file or directory
ERROR: 2023/05/30 20:28:35 logcollect_test.go:379: test should fail as we had an error setting up the test directory: rename /var/folders/sr/pvp47tsj7ss_b7ldr9gvb7x80000gp/T/SOURCE2459027856/archive/acceleration.log.2022-04-30.gz /var/folders/sr/pvp47tsj7ss_b7ldr9gvb7x80000gp/T/SOURCE2459027856/archive/acceleration.log.2023-05-29.gz: no such file or directory
ERROR: 2023/05/30 20:28:35 logcollect_test.go:379: test should fail as we had an error setting up the test directory: rename /var/folders/sr/pvp47tsj7ss_b7ldr9gvb7x80000gp/T/SOURCE2022483614/archive/acceleration.log.2022-04-30.gz /var/folders/sr/pvp47tsj7ss_b7ldr9gvb7x80000gp/T/SOURCE2022483614/archive/acceleration.log.2023-05-29.gz: no such file or directory
ERROR: 2023/05/30 20:29:18 logcollect_test.go:273: test should fail as we had an error setting up the test directory: rename /var/folders/sr/pvp47tsj7ss_b7ldr9gvb7x80000gp/T/SOURCE3452063706/archive/reflection.log.2022-04-30.gz /var/folders/sr/pvp47tsj7ss_b7ldr9gvb7x80000gp/T/SOURCE3452063706/archive/reflection.log.2023-05-29.gz: no such file or directory
ERROR: 2023/05/30 20:29:18 logcollect_test.go:273: test should fail as we had an error setting up the test directory: rename /var/folders/sr/pvp47tsj7ss_b7ldr9gvb7x80000gp/T/SOURCE326503641/archive/reflection.log.2022-04-30.gz /var/folders/sr/pvp47tsj7ss_b7ldr9gvb7x80000gp/T/SOURCE326503641/archive/reflection.log.2023-05-29.gz: no such file or directory
ERROR: 2023/05/30 21:09:01 logcollect_test.go:601: test should fail as we had an error removing the metadata_refresh.log: remove /var/folders/sr/pvp47tsj7ss_b7ldr9gvb7x80000gp/T/SOURCE5246530/metadata_refresh.log: no such file or directory
ERROR: 2023/05/30 21:09:01 logcollect_test.go:601: test should fail as we had an error removing the metadata_refresh.log: remove /var/folders/sr/pvp47tsj7ss_b7ldr9gvb7x80000gp/T/SOURCE1910814262/metadata_refresh.log: no such file or directory
ERROR: 2023/05/30 21:09:20 logcollect_test.go:601: test should fail as we had an error removing the metadata_refresh.log: remove /var/folders/sr/pvp47tsj7ss_b7ldr9gvb7x80000gp/T/SOURCE3275520330/metadata_refresh.log: no such file or directory
ERROR: 2023/05/30 21:09:20 logcollect_test.go:601: test should fail as we had an error removing the metadata_refresh.log: remove /var/folders/sr/pvp47tsj7ss_b7ldr9gvb7x80000gp/T/SOURCE3683580182/metadata_refresh.log: no such file or directory
